GET / - 200
GET /static/css/index/button.css - 304
GET /static/css/style.css - 304
GET /static/css/index/Hero.css - 304
GET /static/css/index/services.css - 304
GET /static/css/index/latest.css - 304
GET /static/css/index/about.css - 304
GET /static/css/index/invite.css - 304
GET /static/css/index/footer.css - 304
GET /static/images/Logo/dark-blue-light.png - 304
GET /static/js/hamburger-menu.js - 304
GET /static/images/Unsplash/blue-bird.jpg - 304
GET /static/images/Logo/Light-purple.png - 304
GET /static/images/Unsplash/person-ocean.jpg - 304
GET /welcome_create_account - 200
GET /static/css/Account/Welcome-create-account.css - 304
GET /static/css/index/Hero.css - 304
GET /static/css/style.css - 304
GET /static/css/index/button.css - 304
GET /static/images/Logo/dark-blue-light.png - 304
GET /create_account_names - 200
GET /static/css/style.css - 304
GET /static/css/index/button.css - 304
GET /static/css/Account/create-account.css - 304
GET /static/css/Account/style.css - 404
GET /static/images/Logo/dark-blue-light.png - 304
GET /create_account_names - 200
GET /static/css/Account/create-account.css - 304
GET /static/css/style.css - 304
GET /static/css/index/button.css - 304
GET /static/css/Account/style.css - 404
GET /static/images/Logo/dark-blue-light.png - 304
GET /static/images/Favicon/Dark.png - 304
