[2024-02-21 18:32:20 +0300] [87425] [INFO] Starting gunicorn 21.2.0
[2024-02-21 18:32:20 +0300] [87425] [INFO] Listening at: http://0.0.0.0:8000 (87425)
[2024-02-21 18:32:20 +0300] [87425] [INFO] Using worker: sync
[2024-02-21 18:32:20 +0300] [87426] [INFO] Booting worker with pid: 87426
[2024-02-21 18:32:20 +0300] [87427] [INFO] Booting worker with pid: 87427
[2024-02-21 18:32:20 +0300] [87428] [INFO] Booting worker with pid: 87428
[2024-02-21 18:32:20 +0300] [87429] [INFO] Booting worker with pid: 87429
[2024-02-21 18:34:51 +0300] [87425] [CRITICAL] WORKER TIMEOUT (pid:87426)
[2024-02-21 18:34:52 +0300] [87425] [ERROR] Worker (pid:87426) was sent SIGKILL! Perhaps out of memory?
[2024-02-21 18:34:52 +0300] [87744] [INFO] Booting worker with pid: 87744
[2024-02-21 18:35:24 +0300] [87425] [CRITICAL] WORKER TIMEOUT (pid:87744)
[2024-02-21 18:35:25 +0300] [87425] [ERROR] Worker (pid:87744) was sent SIGKILL! Perhaps out of memory?
[2024-02-21 18:35:25 +0300] [87820] [INFO] Booting worker with pid: 87820
[2024-02-21 21:56:27 +0300] [7453] [INFO] Starting gunicorn 21.2.0
[2024-02-21 21:56:27 +0300] [7453] [INFO] Listening at: http://0.0.0.0:8000 (7453)
[2024-02-21 21:56:27 +0300] [7453] [INFO] Using worker: sync
[2024-02-21 21:56:27 +0300] [7454] [INFO] Booting worker with pid: 7454
[2024-02-21 21:56:27 +0300] [7455] [INFO] Booting worker with pid: 7455
[2024-02-21 21:56:27 +0300] [7456] [INFO] Booting worker with pid: 7456
[2024-02-21 21:56:27 +0300] [7457] [INFO] Booting worker with pid: 7457
[2024-02-21 22:03:25 +0300] [9205] [INFO] Starting gunicorn 21.2.0
[2024-02-21 22:03:25 +0300] [9205] [INFO] Listening at: http://0.0.0.0:8000 (9205)
[2024-02-21 22:03:25 +0300] [9205] [INFO] Using worker: sync
[2024-02-21 22:03:25 +0300] [9207] [INFO] Booting worker with pid: 9207
[2024-02-21 22:03:25 +0300] [9208] [INFO] Booting worker with pid: 9208
[2024-02-21 22:03:25 +0300] [9209] [INFO] Booting worker with pid: 9209
[2024-02-21 22:03:26 +0300] [9210] [INFO] Booting worker with pid: 9210
